<?xml version="1.0" encoding="UTF-8"?>
<!-- Generated by org.testng.reporters.JUnitReportReporter -->
<testsuite hostname="Jamalpc" failures="0" tests="7" name="tests.BNSExcelDataTest" time="11.519" errors="0" timestamp="06 Jun 2020 06:44:39 GMT" skipped="0">
  <testcase classname="tests.BNSExcelDataTest" name="BNSTest" time="2.108"/>
  <testcase classname="tests.BNSExcelDataTest" name="BNSTest" time="1.503"/>
  <testcase classname="tests.BNSExcelDataTest" name="BNSTest" time="1.545"/>
  <testcase classname="tests.BNSExcelDataTest" name="BNSTest" time="1.678"/>
  <testcase classname="tests.BNSExcelDataTest" name="BNSTest" time="1.552"/>
  <testcase classname="tests.BNSExcelDataTest" name="BNSTest" time="1.593"/>
  <testcase classname="tests.BNSExcelDataTest" name="BNSTest" time="1.540"/>
</testsuite> <!-- tests.BNSExcelDataTest -->
